Handling lib "rpc-service-config"...
Handling lib "ca-bundle"...
Handling lib "mjs"...
Handling lib "rpc-service-ota"...
Handling lib "rpc-service-fs"...
Handling lib "rpc-common"...
Handling lib "rpc-loopback"...
Handling lib "mqtt"...
Handling lib "rpc-uart"...
Lib "rpc-uart" is already handled, skipping
Handling lib "wifi"...
The --lib flag was not given for it, checking repository
The --lib flag was not given for it, checking repository
The --lib flag was not given for it, checking repository
The --lib flag was not given for it, checking repository
The --lib flag was not given for it, checking repository
The --lib flag was not given for it, checking repository
The --lib flag was not given for it, checking repository
The --lib flag was not given for it, checking repository
The --lib flag was not given for it, checking repository
The --lib flag was not given for it, checking repository
Prebuilt binary for "mqtt" already exists
Prepared local dir: "/fwbuild-volumes/1.24/apps/house/esp8266/build_contexts/build_ctx_589119275/libs/mqtt"
Prebuilt binary for "rpc-service-fs" already exists
Prepared local dir: "/fwbuild-volumes/1.24/apps/house/esp8266/build_contexts/build_ctx_589119275/libs/rpc-service-fs"
Prebuilt binary for "rpc-loopback" already exists
Prepared local dir: "/fwbuild-volumes/1.24/apps/house/esp8266/build_contexts/build_ctx_589119275/libs/rpc-loopback"
Lib "rpc-common" is already handled, skipping
Lib "rpc-common" is already handled, skipping
Prebuilt binary for "ca-bundle" already exists
Prepared local dir: "/fwbuild-volumes/1.24/apps/house/esp8266/build_contexts/build_ctx_589119275/libs/ca-bundle"
Prebuilt binary for "rpc-service-ota" already exists
Prepared local dir: "/fwbuild-volumes/1.24/apps/house/esp8266/build_contexts/build_ctx_589119275/libs/rpc-service-ota"
Handling lib "ota-http-client"...
Lib "rpc-common" is already handled, skipping
The --lib flag was not given for it, checking repository
Prebuilt binary for "rpc-service-config" already exists
Prepared local dir: "/fwbuild-volumes/1.24/apps/house/esp8266/build_contexts/build_ctx_589119275/libs/rpc-service-config"
Lib "rpc-common" is already handled, skipping
Prebuilt binary for "rpc-uart" already exists
Prepared local dir: "/fwbuild-volumes/1.24/apps/house/esp8266/build_contexts/build_ctx_589119275/libs/rpc-uart"
Lib "rpc-common" is already handled, skipping
Prebuilt binary for "ota-http-client" already exists
Prepared local dir: "/fwbuild-volumes/1.24/apps/house/esp8266/build_contexts/build_ctx_589119275/libs/ota-http-client"
Falling back to sources for "wifi" (failed to fetch prebuilt binary: got 404 status code when accessed https://github.com/mongoose-os-libs/wifi/releases/download/1.24/libwifi-esp8266.a)
Prepared local dir: "/fwbuild-volumes/1.24/apps/house/esp8266/build_contexts/build_ctx_589119275/libs/wifi"
Falling back to sources for "mjs" (failed to fetch prebuilt binary: got 404 status code when accessed https://github.com/mongoose-os-libs/mjs/releases/download/1.24/libmjs-esp8266.a)
Prepared local dir: "/fwbuild-volumes/1.24/apps/house/esp8266/build_contexts/build_ctx_589119275/libs/mjs"
Falling back to sources for "rpc-common" (failed to fetch prebuilt binary: got 404 status code when accessed https://github.com/mongoose-os-libs/rpc-common/releases/download/1.24/librpc-common-esp8266.a)
Prepared local dir: "/fwbuild-volumes/1.24/apps/house/esp8266/build_contexts/build_ctx_589119275/libs/rpc-common"
Lib "http-server" is optional, skipping
The flag --module is not given for the module "mjs_module", going to use the repository
The flag --repo is not given, going to use mongoose-os repository
Sources: [/fwbuild-volumes/1.24/apps/house/esp8266/build_contexts/build_ctx_589119275/src/main.c /fwbuild-volumes/1.24/apps/house/esp8266/build_contexts/build_ctx_589119275/build/gen/deps_init.c /fwbuild-volumes/1.24/apps/house/esp8266/build_contexts/build_ctx_589119275/libs/ca-bundle/src/mgos_ca_bundle.c /fwbuild-volumes/1.24/apps/house/esp8266/build_contexts/build_ctx_589119275/libs/mjs/src/mos_mjs.c /fwbuild-volumes/1.24/apps/house/esp8266/build_contexts/build_ctx_589119275/modules/mjs_module-1.24/mjs.c /fwbuild-volumes/1.24/apps/house/esp8266/build_contexts/build_ctx_589119275/libs/mjs/esp8266/src/esp8266_mjs.c /fwbuild-volumes/1.24/apps/house/esp8266/build_contexts/build_ctx_589119275/libs/mqtt/src/mgos_mqtt.c /fwbuild-volumes/1.24/apps/house/esp8266/build_contexts/build_ctx_589119275/libs/rpc-common/src/mg_rpc/mg_rpc.c /fwbuild-volumes/1.24/apps/house/esp8266/build_contexts/build_ctx_589119275/libs/rpc-common/src/mg_rpc/mg_rpc_channel.c /fwbuild-volumes/1.24/apps/house/esp8266/build_contexts/build_ctx_589119275/libs/rpc-common/src/mg_rpc/mg_rpc_channel_http.c /fwbuild-volumes/1.24/apps/house/esp8266/build_contexts/build_ctx_589119275/libs/rpc-common/src/mg_rpc/mg_rpc_channel_ws.c /fwbuild-volumes/1.24/apps/house/esp8266/build_contexts/build_ctx_589119275/libs/rpc-common/src/mgos_rpc.c /fwbuild-volumes/1.24/apps/house/esp8266/build_contexts/build_ctx_589119275/libs/rpc-loopback/src/mg_rpc_channel_loopback.c /fwbuild-volumes/1.24/apps/house/esp8266/build_contexts/build_ctx_589119275/libs/rpc-service-config/src/mgos_service_config.c /fwbuild-volumes/1.24/apps/house/esp8266/build_contexts/build_ctx_589119275/libs/rpc-service-fs/src/mgos_service_filesystem.c /fwbuild-volumes/1.24/apps/house/esp8266/build_contexts/build_ctx_589119275/libs/rpc-uart/src/mgos_rpc_channel_uart.c /fwbuild-volumes/1.24/apps/house/esp8266/build_contexts/build_ctx_589119275/libs/wifi/src/mgos_wifi.c /fwbuild-volumes/1.24/apps/house/esp8266/build_contexts/build_ctx_589119275/libs/wifi/src/mjs_wifi.c /fwbuild-volumes/1.24/apps/house/esp8266/build_contexts/build_ctx_589119275/libs/wifi/esp8266/src/esp_wifi.c]
Include dirs: [/fwbuild-volumes/1.24/apps/house/esp8266/build_contexts/build_ctx_589119275/libs/mjs/include /fwbuild-volumes/1.24/apps/house/esp8266/build_contexts/build_ctx_589119275/libs/mqtt/include /fwbuild-volumes/1.24/apps/house/esp8266/build_contexts/build_ctx_589119275/libs/rpc-common/include/mg_rpc /fwbuild-volumes/1.24/apps/house/esp8266/build_contexts/build_ctx_589119275/libs/rpc-common/include /fwbuild-volumes/1.24/apps/house/esp8266/build_contexts/build_ctx_589119275/libs/rpc-loopback/include /fwbuild-volumes/1.24/apps/house/esp8266/build_contexts/build_ctx_589119275/libs/rpc-service-config/include /fwbuild-volumes/1.24/apps/house/esp8266/build_contexts/build_ctx_589119275/libs/rpc-service-fs/include /fwbuild-volumes/1.24/apps/house/esp8266/build_contexts/build_ctx_589119275/libs/ota-http-client/include /fwbuild-volumes/1.24/apps/house/esp8266/build_contexts/build_ctx_589119275/libs/rpc-service-ota/include /fwbuild-volumes/1.24/apps/house/esp8266/build_contexts/build_ctx_589119275/libs/rpc-uart/include /fwbuild-volumes/1.24/apps/house/esp8266/build_contexts/build_ctx_589119275/libs/wifi/include]
Binary libs: [/fwbuild-volumes/1.24/apps/house/esp8266/build_contexts/build_ctx_589119275/libs/ota-http-client/lib/esp8266/libota-http-client.a /fwbuild-volumes/1.24/apps/house/esp8266/build_contexts/build_ctx_589119275/libs/rpc-service-ota/lib/esp8266/librpc-service-ota.a]
Building...
mount from "/fwbuild-volumes/1.24/apps/house/esp8266/build_contexts/build_ctx_589119275" to "/app"
mount from "/fwbuild-volumes/1.24/apps/house/esp8266/build_contexts/build_ctx_589119275/modules/mongoose-os-1.24" to "/mongoose-os"
mount from "/fwbuild-volumes/1.24/apps/house/esp8266/build_contexts/build_ctx_589119275/modules/mongoose-os-1.24" to "/fwbuild-volumes/1.24/apps/house/esp8266/build_contexts/build_ctx_589119275/modules/mongoose-os-1.24"
mount from "/fwbuild-volumes/1.24/apps/house/esp8266/build_contexts/build_ctx_589119275/build" to "/fwbuild-volumes/1.24/apps/house/esp8266/build_contexts/build_ctx_589119275/build"
mount from "/fwbuild-volumes/1.24/apps/house/esp8266/build_contexts/build_ctx_589119275/src" to "/fwbuild-volumes/1.24/apps/house/esp8266/build_contexts/build_ctx_589119275/src"
mount from "/fwbuild-volumes/1.24/apps/house/esp8266/build_contexts/build_ctx_589119275/build/gen" to "/fwbuild-volumes/1.24/apps/house/esp8266/build_contexts/build_ctx_589119275/build/gen"
mount from "/fwbuild-volumes/1.24/apps/house/esp8266/build_contexts/build_ctx_589119275/libs/ca-bundle/src" to "/fwbuild-volumes/1.24/apps/house/esp8266/build_contexts/build_ctx_589119275/libs/ca-bundle/src"
mount from "/fwbuild-volumes/1.24/apps/house/esp8266/build_contexts/build_ctx_589119275/libs/mjs/src" to "/fwbuild-volumes/1.24/apps/house/esp8266/build_contexts/build_ctx_589119275/libs/mjs/src"
mount from "/fwbuild-volumes/1.24/apps/house/esp8266/build_contexts/build_ctx_589119275/modules/mjs_module-1.24" to "/fwbuild-volumes/1.24/apps/house/esp8266/build_contexts/build_ctx_589119275/modules/mjs_module-1.24"
mount from "/fwbuild-volumes/1.24/apps/house/esp8266/build_contexts/build_ctx_589119275/libs/mjs/esp8266/src" to "/fwbuild-volumes/1.24/apps/house/esp8266/build_contexts/build_ctx_589119275/libs/mjs/esp8266/src"
mount from "/fwbuild-volumes/1.24/apps/house/esp8266/build_contexts/build_ctx_589119275/libs/mqtt/src" to "/fwbuild-volumes/1.24/apps/house/esp8266/build_contexts/build_ctx_589119275/libs/mqtt/src"
mount from "/fwbuild-volumes/1.24/apps/house/esp8266/build_contexts/build_ctx_589119275/libs/rpc-common/src/mg_rpc" to "/fwbuild-volumes/1.24/apps/house/esp8266/build_contexts/build_ctx_589119275/libs/rpc-common/src/mg_rpc"
mount from "/fwbuild-volumes/1.24/apps/house/esp8266/build_contexts/build_ctx_589119275/libs/rpc-common/src" to "/fwbuild-volumes/1.24/apps/house/esp8266/build_contexts/build_ctx_589119275/libs/rpc-common/src"
mount from "/fwbuild-volumes/1.24/apps/house/esp8266/build_contexts/build_ctx_589119275/libs/rpc-loopback/src" to "/fwbuild-volumes/1.24/apps/house/esp8266/build_contexts/build_ctx_589119275/libs/rpc-loopback/src"
mount from "/fwbuild-volumes/1.24/apps/house/esp8266/build_contexts/build_ctx_589119275/libs/rpc-service-config/src" to "/fwbuild-volumes/1.24/apps/house/esp8266/build_contexts/build_ctx_589119275/libs/rpc-service-config/src"
mount from "/fwbuild-volumes/1.24/apps/house/esp8266/build_contexts/build_ctx_589119275/libs/rpc-service-fs/src" to "/fwbuild-volumes/1.24/apps/house/esp8266/build_contexts/build_ctx_589119275/libs/rpc-service-fs/src"
mount from "/fwbuild-volumes/1.24/apps/house/esp8266/build_contexts/build_ctx_589119275/libs/rpc-uart/src" to "/fwbuild-volumes/1.24/apps/house/esp8266/build_contexts/build_ctx_589119275/libs/rpc-uart/src"
mount from "/fwbuild-volumes/1.24/apps/house/esp8266/build_contexts/build_ctx_589119275/libs/wifi/src" to "/fwbuild-volumes/1.24/apps/house/esp8266/build_contexts/build_ctx_589119275/libs/wifi/src"
mount from "/fwbuild-volumes/1.24/apps/house/esp8266/build_contexts/build_ctx_589119275/libs/wifi/esp8266/src" to "/fwbuild-volumes/1.24/apps/house/esp8266/build_contexts/build_ctx_589119275/libs/wifi/esp8266/src"
mount from "/fwbuild-volumes/1.24/apps/house/esp8266/build_contexts/build_ctx_589119275/libs/mjs/include" to "/fwbuild-volumes/1.24/apps/house/esp8266/build_contexts/build_ctx_589119275/libs/mjs/include"
mount from "/fwbuild-volumes/1.24/apps/house/esp8266/build_contexts/build_ctx_589119275/libs/mqtt/include" to "/fwbuild-volumes/1.24/apps/house/esp8266/build_contexts/build_ctx_589119275/libs/mqtt/include"
mount from "/fwbuild-volumes/1.24/apps/house/esp8266/build_contexts/build_ctx_589119275/libs/rpc-common/include/mg_rpc" to "/fwbuild-volumes/1.24/apps/house/esp8266/build_contexts/build_ctx_589119275/libs/rpc-common/include/mg_rpc"
mount from "/fwbuild-volumes/1.24/apps/house/esp8266/build_contexts/build_ctx_589119275/libs/rpc-common/include" to "/fwbuild-volumes/1.24/apps/house/esp8266/build_contexts/build_ctx_589119275/libs/rpc-common/include"
mount from "/fwbuild-volumes/1.24/apps/house/esp8266/build_contexts/build_ctx_589119275/libs/rpc-loopback/include" to "/fwbuild-volumes/1.24/apps/house/esp8266/build_contexts/build_ctx_589119275/libs/rpc-loopback/include"
mount from "/fwbuild-volumes/1.24/apps/house/esp8266/build_contexts/build_ctx_589119275/libs/rpc-service-config/include" to "/fwbuild-volumes/1.24/apps/house/esp8266/build_contexts/build_ctx_589119275/libs/rpc-service-config/include"
mount from "/fwbuild-volumes/1.24/apps/house/esp8266/build_contexts/build_ctx_589119275/libs/rpc-service-fs/include" to "/fwbuild-volumes/1.24/apps/house/esp8266/build_contexts/build_ctx_589119275/libs/rpc-service-fs/include"
mount from "/fwbuild-volumes/1.24/apps/house/esp8266/build_contexts/build_ctx_589119275/libs/ota-http-client/include" to "/fwbuild-volumes/1.24/apps/house/esp8266/build_contexts/build_ctx_589119275/libs/ota-http-client/include"
mount from "/fwbuild-volumes/1.24/apps/house/esp8266/build_contexts/build_ctx_589119275/libs/rpc-service-ota/include" to "/fwbuild-volumes/1.24/apps/house/esp8266/build_contexts/build_ctx_589119275/libs/rpc-service-ota/include"
mount from "/fwbuild-volumes/1.24/apps/house/esp8266/build_contexts/build_ctx_589119275/libs/rpc-uart/include" to "/fwbuild-volumes/1.24/apps/house/esp8266/build_contexts/build_ctx_589119275/libs/rpc-uart/include"
mount from "/fwbuild-volumes/1.24/apps/house/esp8266/build_contexts/build_ctx_589119275/libs/wifi/include" to "/fwbuild-volumes/1.24/apps/house/esp8266/build_contexts/build_ctx_589119275/libs/wifi/include"
mount from "/fwbuild-volumes/1.24/apps/house/esp8266/build_contexts/build_ctx_589119275/libs/ca-bundle/fs" to "/fwbuild-volumes/1.24/apps/house/esp8266/build_contexts/build_ctx_589119275/libs/ca-bundle/fs"
mount from "/fwbuild-volumes/1.24/apps/house/esp8266/build_contexts/build_ctx_589119275/libs/mjs/fs" to "/fwbuild-volumes/1.24/apps/house/esp8266/build_contexts/build_ctx_589119275/libs/mjs/fs"
mount from "/fwbuild-volumes/1.24/apps/house/esp8266/build_contexts/build_ctx_589119275/modules/mjs_module-1.24/mjs/lib" to "/fwbuild-volumes/1.24/apps/house/esp8266/build_contexts/build_ctx_589119275/modules/mjs_module-1.24/mjs/lib"
mount from "/fwbuild-volumes/1.24/apps/house/esp8266/build_contexts/build_ctx_589119275/libs/mqtt/mjs_fs" to "/fwbuild-volumes/1.24/apps/house/esp8266/build_contexts/build_ctx_589119275/libs/mqtt/mjs_fs"
mount from "/fwbuild-volumes/1.24/apps/house/esp8266/build_contexts/build_ctx_589119275/libs/rpc-common/mjs_fs" to "/fwbuild-volumes/1.24/apps/house/esp8266/build_contexts/build_ctx_589119275/libs/rpc-common/mjs_fs"
mount from "/fwbuild-volumes/1.24/apps/house/esp8266/build_contexts/build_ctx_589119275/libs/ota-http-client/mjs_fs" to "/fwbuild-volumes/1.24/apps/house/esp8266/build_contexts/build_ctx_589119275/libs/ota-http-client/mjs_fs"
mount from "/fwbuild-volumes/1.24/apps/house/esp8266/build_contexts/build_ctx_589119275/libs/wifi/mjs_fs" to "/fwbuild-volumes/1.24/apps/house/esp8266/build_contexts/build_ctx_589119275/libs/wifi/mjs_fs"
mount from "/fwbuild-volumes/1.24/apps/house/esp8266/build_contexts/build_ctx_589119275/libs/mjs/esp8266/fs" to "/fwbuild-volumes/1.24/apps/house/esp8266/build_contexts/build_ctx_589119275/libs/mjs/esp8266/fs"
mount from "/fwbuild-volumes/1.24/apps/house/esp8266/build_contexts/build_ctx_589119275/fs" to "/fwbuild-volumes/1.24/apps/house/esp8266/build_contexts/build_ctx_589119275/fs"
mount from "/fwbuild-volumes/1.24/apps/house/esp8266/build_contexts/build_ctx_589119275/libs/ota-http-client/lib/esp8266" to "/fwbuild-volumes/1.24/apps/house/esp8266/build_contexts/build_ctx_589119275/libs/ota-http-client/lib/esp8266"
mount from "/fwbuild-volumes/1.24/apps/house/esp8266/build_contexts/build_ctx_589119275/libs/rpc-service-ota/lib/esp8266" to "/fwbuild-volumes/1.24/apps/house/esp8266/build_contexts/build_ctx_589119275/libs/rpc-service-ota/lib/esp8266"
mount from "/fwbuild-volumes/1.24/apps/house/esp8266/build_contexts/build_ctx_589119275/build/gen" to "/fwbuild-volumes/1.24/apps/house/esp8266/build_contexts/build_ctx_589119275/build/gen"
Docker arguments: run --name mos_build_2018-01-18T12-37-06-00_5107342465090346490 --rm -i -v /fwbuild-volumes/1.24/apps/house/esp8266/build_contexts/build_ctx_589119275/libs/wifi/src:/fwbuild-volumes/1.24/apps/house/esp8266/build_contexts/build_ctx_589119275/libs/wifi/src -v /fwbuild-volumes/1.24/apps/house/esp8266/build_contexts/build_ctx_589119275/libs/wifi/esp8266/src:/fwbuild-volumes/1.24/apps/house/esp8266/build_contexts/build_ctx_589119275/libs/wifi/esp8266/src -v /fwbuild-volumes/1.24/apps/house/esp8266/build_contexts/build_ctx_589119275/libs/rpc-service-fs/include:/fwbuild-volumes/1.24/apps/house/esp8266/build_contexts/build_ctx_589119275/libs/rpc-service-fs/include -v /fwbuild-volumes/1.24/apps/house/esp8266/build_contexts/build_ctx_589119275/build/gen:/fwbuild-volumes/1.24/apps/house/esp8266/build_contexts/build_ctx_589119275/build/gen -v /fwbuild-volumes/1.24/apps/house/esp8266/build_contexts/build_ctx_589119275/libs/mqtt/src:/fwbuild-volumes/1.24/apps/house/esp8266/build_contexts/build_ctx_589119275/libs/mqtt/src -v /fwbuild-volumes/1.24/apps/house/esp8266/build_contexts/build_ctx_589119275/libs/rpc-service-fs/src:/fwbuild-volumes/1.24/apps/house/esp8266/build_contexts/build_ctx_589119275/libs/rpc-service-fs/src -v /fwbuild-volumes/1.24/apps/house/esp8266/build_contexts/build_ctx_589119275/modules/mongoose-os-1.24:/mongoose-os -v /fwbuild-volumes/1.24/apps/house/esp8266/build_contexts/build_ctx_589119275/modules/mongoose-os-1.24:/fwbuild-volumes/1.24/apps/house/esp8266/build_contexts/build_ctx_589119275/modules/mongoose-os-1.24 -v /fwbuild-volumes/1.24/apps/house/esp8266/build_contexts/build_ctx_589119275/libs/rpc-service-ota/lib/esp8266:/fwbuild-volumes/1.24/apps/house/esp8266/build_contexts/build_ctx_589119275/libs/rpc-service-ota/lib/esp8266 -v /fwbuild-volumes/1.24/apps/house/esp8266/build_contexts/build_ctx_589119275/libs/mjs/esp8266/src:/fwbuild-volumes/1.24/apps/house/esp8266/build_contexts/build_ctx_589119275/libs/mjs/esp8266/src -v /fwbuild-volumes/1.24/apps/house/esp8266/build_contexts/build_ctx_589119275/libs/rpc-uart/src:/fwbuild-volumes/1.24/apps/house/esp8266/build_contexts/build_ctx_589119275/libs/rpc-uart/src -v /fwbuild-volumes/1.24/apps/house/esp8266/build_contexts/build_ctx_589119275/libs/mjs/include:/fwbuild-volumes/1.24/apps/house/esp8266/build_contexts/build_ctx_589119275/libs/mjs/include -v /fwbuild-volumes/1.24/apps/house/esp8266/build_contexts/build_ctx_589119275/libs/rpc-common/include/mg_rpc:/fwbuild-volumes/1.24/apps/house/esp8266/build_contexts/build_ctx_589119275/libs/rpc-common/include/mg_rpc -v /fwbuild-volumes/1.24/apps/house/esp8266/build_contexts/build_ctx_589119275/libs/rpc-common/include:/fwbuild-volumes/1.24/apps/house/esp8266/build_contexts/build_ctx_589119275/libs/rpc-common/include -v /fwbuild-volumes/1.24/apps/house/esp8266/build_contexts/build_ctx_589119275/libs/rpc-loopback/include:/fwbuild-volumes/1.24/apps/house/esp8266/build_contexts/build_ctx_589119275/libs/rpc-loopback/include -v /fwbuild-volumes/1.24/apps/house/esp8266/build_contexts/build_ctx_589119275/libs/rpc-uart/include:/fwbuild-volumes/1.24/apps/house/esp8266/build_contexts/build_ctx_589119275/libs/rpc-uart/include -v /fwbuild-volumes/1.24/apps/house/esp8266/build_contexts/build_ctx_589119275/src:/fwbuild-volumes/1.24/apps/house/esp8266/build_contexts/build_ctx_589119275/src -v /fwbuild-volumes/1.24/apps/house/esp8266/build_contexts/build_ctx_589119275/modules/mjs_module-1.24:/fwbuild-volumes/1.24/apps/house/esp8266/build_contexts/build_ctx_589119275/modules/mjs_module-1.24 -v /fwbuild-volumes/1.24/apps/house/esp8266/build_contexts/build_ctx_589119275/libs/rpc-service-config/src:/fwbuild-volumes/1.24/apps/house/esp8266/build_contexts/build_ctx_589119275/libs/rpc-service-config/src -v /fwbuild-volumes/1.24/apps/house/esp8266/build_contexts/build_ctx_589119275/modules/mjs_module-1.24/mjs/lib:/fwbuild-volumes/1.24/apps/house/esp8266/build_contexts/build_ctx_589119275/modules/mjs_module-1.24/mjs/lib -v /fwbuild-volumes/1.24/apps/house/esp8266/build_contexts/build_ctx_589119275/libs/rpc-common/mjs_fs:/fwbuild-volumes/1.24/apps/house/esp8266/build_contexts/build_ctx_589119275/libs/rpc-common/mjs_fs -v /fwbuild-volumes/1.24/apps/house/esp8266/build_contexts/build_ctx_589119275/libs/mjs/src:/fwbuild-volumes/1.24/apps/house/esp8266/build_contexts/build_ctx_589119275/libs/mjs/src -v /fwbuild-volumes/1.24/apps/house/esp8266/build_contexts/build_ctx_589119275/libs/rpc-loopback/src:/fwbuild-volumes/1.24/apps/house/esp8266/build_contexts/build_ctx_589119275/libs/rpc-loopback/src -v /fwbuild-volumes/1.24/apps/house/esp8266/build_contexts/build_ctx_589119275/libs/rpc-service-config/include:/fwbuild-volumes/1.24/apps/house/esp8266/build_contexts/build_ctx_589119275/libs/rpc-service-config/include -v /fwbuild-volumes/1.24/apps/house/esp8266/build_contexts/build_ctx_589119275/libs/ota-http-client/include:/fwbuild-volumes/1.24/apps/house/esp8266/build_contexts/build_ctx_589119275/libs/ota-http-client/include -v /fwbuild-volumes/1.24/apps/house/esp8266/build_contexts/build_ctx_589119275/libs/ota-http-client/mjs_fs:/fwbuild-volumes/1.24/apps/house/esp8266/build_contexts/build_ctx_589119275/libs/ota-http-client/mjs_fs -v /fwbuild-volumes/1.24/apps/house/esp8266/build_contexts/build_ctx_589119275/libs/wifi/mjs_fs:/fwbuild-volumes/1.24/apps/house/esp8266/build_contexts/build_ctx_589119275/libs/wifi/mjs_fs -v /fwbuild-volumes/1.24/apps/house/esp8266/build_contexts/build_ctx_589119275/libs/mjs/esp8266/fs:/fwbuild-volumes/1.24/apps/house/esp8266/build_contexts/build_ctx_589119275/libs/mjs/esp8266/fs -v /fwbuild-volumes/1.24/apps/house/esp8266/build_contexts/build_ctx_589119275/fs:/fwbuild-volumes/1.24/apps/house/esp8266/build_contexts/build_ctx_589119275/fs -v /fwbuild-volumes/1.24/apps/house/esp8266/build_contexts/build_ctx_589119275:/app -v /fwbuild-volumes/1.24/apps/house/esp8266/build_contexts/build_ctx_589119275/build:/fwbuild-volumes/1.24/apps/house/esp8266/build_contexts/build_ctx_589119275/build -v /fwbuild-volumes/1.24/apps/house/esp8266/build_contexts/build_ctx_589119275/libs/rpc-common/src:/fwbuild-volumes/1.24/apps/house/esp8266/build_contexts/build_ctx_589119275/libs/rpc-common/src -v /fwbuild-volumes/1.24/apps/house/esp8266/build_contexts/build_ctx_589119275/libs/ota-http-client/lib/esp8266:/fwbuild-volumes/1.24/apps/house/esp8266/build_contexts/build_ctx_589119275/libs/ota-http-client/lib/esp8266 -v /fwbuild-volumes/1.24/apps/house/esp8266/build_contexts/build_ctx_589119275/libs/mqtt/mjs_fs:/fwbuild-volumes/1.24/apps/house/esp8266/build_contexts/build_ctx_589119275/libs/mqtt/mjs_fs -v /fwbuild-volumes/1.24/apps/house/esp8266/build_contexts/build_ctx_589119275/libs/rpc-common/src/mg_rpc:/fwbuild-volumes/1.24/apps/house/esp8266/build_contexts/build_ctx_589119275/libs/rpc-common/src/mg_rpc -v /fwbuild-volumes/1.24/apps/house/esp8266/build_contexts/build_ctx_589119275/libs/rpc-service-ota/include:/fwbuild-volumes/1.24/apps/house/esp8266/build_contexts/build_ctx_589119275/libs/rpc-service-ota/include -v /fwbuild-volumes/1.24/apps/house/esp8266/build_contexts/build_ctx_589119275/libs/ca-bundle/fs:/fwbuild-volumes/1.24/apps/house/esp8266/build_contexts/build_ctx_589119275/libs/ca-bundle/fs -v /fwbuild-volumes/1.24/apps/house/esp8266/build_contexts/build_ctx_589119275/libs/mjs/fs:/fwbuild-volumes/1.24/apps/house/esp8266/build_contexts/build_ctx_589119275/libs/mjs/fs -v /fwbuild-volumes/1.24/apps/house/esp8266/build_contexts/build_ctx_589119275/libs/ca-bundle/src:/fwbuild-volumes/1.24/apps/house/esp8266/build_contexts/build_ctx_589119275/libs/ca-bundle/src -v /fwbuild-volumes/1.24/apps/house/esp8266/build_contexts/build_ctx_589119275/libs/mqtt/include:/fwbuild-volumes/1.24/apps/house/esp8266/build_contexts/build_ctx_589119275/libs/mqtt/include -v /fwbuild-volumes/1.24/apps/house/esp8266/build_contexts/build_ctx_589119275/libs/wifi/include:/fwbuild-volumes/1.24/apps/house/esp8266/build_contexts/build_ctx_589119275/libs/wifi/include --user 0:0 docker.cesanta.com/esp8266-build:2.1.0-1.5.0-r8 /bin/bash -c nice make '-j' '32' '-C' '/app' '-f' '/mongoose-os/fw/platforms/esp8266/Makefile.build' 'all' 'APP_CXXFLAGS=-DMGOS_WIFI_ENABLE_AP_STA=1 -DMGOS_HAVE_MJS=1 -DMGOS_HAVE_RPC_LOOPBACK=1 -DMGOS_HAVE_RPC_UART=1 -DMGOS_HAVE_CA_BUNDLE=1 -DMGOS_ENABLE_RPC_CHANNEL_WS=1 -DMG_ENABLE_DNS_SERVER=1 -DMGOS_ENABLE_SYS_SERVICE=1 -DMGOS_ENABLE_RPC_CHANNEL_HTTP=1 -DMGOS_HAVE_WIFI=1 -DMGOS_HAVE_RPC_SERVICE_FS=1 -DMGOS_HAVE_RPC_SERVICE_CONFIG=1 -DMG_ENABLE_MQTT=1 -DMGOS_HAVE_OTA_HTTP_CLIENT=1 -DMGOS_HAVE_RPC_SERVICE_OTA=1 -DMGOS_HAVE_RPC_COMMON=1 -DMGOS_HAVE_MQTT=1' 'APP_SOURCES=/fwbuild-volumes/1.24/apps/house/esp8266/build_contexts/build_ctx_589119275/src/main.c /fwbuild-volumes/1.24/apps/house/esp8266/build_contexts/build_ctx_589119275/build/gen/deps_init.c /fwbuild-volumes/1.24/apps/house/esp8266/build_contexts/build_ctx_589119275/libs/ca-bundle/src/mgos_ca_bundle.c /fwbuild-volumes/1.24/apps/house/esp8266/build_contexts/build_ctx_589119275/libs/mjs/src/mos_mjs.c /fwbuild-volumes/1.24/apps/house/esp8266/build_contexts/build_ctx_589119275/modules/mjs_module-1.24/mjs.c /fwbuild-volumes/1.24/apps/house/esp8266/build_contexts/build_ctx_589119275/libs/mjs/esp8266/src/esp8266_mjs.c /fwbuild-volumes/1.24/apps/house/esp8266/build_contexts/build_ctx_589119275/libs/mqtt/src/mgos_mqtt.c /fwbuild-volumes/1.24/apps/house/esp8266/build_contexts/build_ctx_589119275/libs/rpc-common/src/mg_rpc/mg_rpc.c /fwbuild-volumes/1.24/apps/house/esp8266/build_contexts/build_ctx_589119275/libs/rpc-common/src/mg_rpc/mg_rpc_channel.c /fwbuild-volumes/1.24/apps/house/esp8266/build_contexts/build_ctx_589119275/libs/rpc-common/src/mg_rpc/mg_rpc_channel_http.c /fwbuild-volumes/1.24/apps/house/esp8266/build_contexts/build_ctx_589119275/libs/rpc-common/src/mg_rpc/mg_rpc_channel_ws.c /fwbuild-volumes/1.24/apps/house/esp8266/build_contexts/build_ctx_589119275/libs/rpc-common/src/mgos_rpc.c /fwbuild-volumes/1.24/apps/house/esp8266/build_contexts/build_ctx_589119275/libs/rpc-loopback/src/mg_rpc_channel_loopback.c /fwbuild-volumes/1.24/apps/house/esp8266/build_contexts/build_ctx_589119275/libs/rpc-service-config/src/mgos_service_config.c /fwbuild-volumes/1.24/apps/house/esp8266/build_contexts/build_ctx_589119275/libs/rpc-service-fs/src/mgos_service_filesystem.c /fwbuild-volumes/1.24/apps/house/esp8266/build_contexts/build_ctx_589119275/libs/rpc-uart/src/mgos_rpc_channel_uart.c /fwbuild-volumes/1.24/apps/house/esp8266/build_contexts/build_ctx_589119275/libs/wifi/src/mgos_wifi.c /fwbuild-volumes/1.24/apps/house/esp8266/build_contexts/build_ctx_589119275/libs/wifi/src/mjs_wifi.c /fwbuild-volumes/1.24/apps/house/esp8266/build_contexts/build_ctx_589119275/libs/wifi/esp8266/src/esp_wifi.c' 'PLATFORM=esp8266' 'GEN_DIR=/fwbuild-volumes/1.24/apps/house/esp8266/build_contexts/build_ctx_589119275/build/gen' 'MGOS_HAVE_RPC_COMMON=1' 'MANIFEST_FINAL=/fwbuild-volumes/1.24/apps/house/esp8266/build_contexts/build_ctx_589119275/build/gen/mos_final.yml' 'MGOS_PATH=/mongoose-os' 'APP_BIN_LIBS=/fwbuild-volumes/1.24/apps/house/esp8266/build_contexts/build_ctx_589119275/libs/ota-http-client/lib/esp8266/libota-http-client.a /fwbuild-volumes/1.24/apps/house/esp8266/build_contexts/build_ctx_589119275/libs/rpc-service-ota/lib/esp8266/librpc-service-ota.a' 'FS_STAGING_DIR=build/fs' 'MGOS_WIFI_ENABLE_AP_STA=1' 'MGOS_HAVE_RPC_UART=1' 'MGOS_HAVE_RPC_SERVICE_OTA=1' 'FW_DIR=build/fw' 'APP_VERSION=1.0' 'APP_FS_FILES=/fwbuild-volumes/1.24/apps/house/esp8266/build_contexts/build_ctx_589119275/libs/ca-bundle/fs/ca.pem /fwbuild-volumes/1.24/apps/house/esp8266/build_contexts/build_ctx_589119275/libs/mjs/fs/api_bitbang.js /fwbuild-volumes/1.24/apps/house/esp8266/build_contexts/build_ctx_589119275/libs/mjs/fs/api_config.js /fwbuild-volumes/1.24/apps/house/esp8266/build_contexts/build_ctx_589119275/libs/mjs/fs/api_events.js /fwbuild-volumes/1.24/apps/house/esp8266/build_contexts/build_ctx_589119275/libs/mjs/fs/api_gpio.js /fwbuild-volumes/1.24/apps/house/esp8266/build_contexts/build_ctx_589119275/libs/mjs/fs/api_grove.js /fwbuild-volumes/1.24/apps/house/esp8266/build_contexts/build_ctx_589119275/libs/mjs/fs/api_http.js /fwbuild-volumes/1.24/apps/house/esp8266/build_contexts/build_ctx_589119275/libs/mjs/fs/api_log.js /fwbuild-volumes/1.24/apps/house/esp8266/build_contexts/build_ctx_589119275/libs/mjs/fs/api_neopixel.js /fwbuild-volumes/1.24/apps/house/esp8266/build_contexts/build_ctx_589119275/libs/mjs/fs/api_net.js /fwbuild-volumes/1.24/apps/house/esp8266/build_contexts/build_ctx_589119275/libs/mjs/fs/api_sys.js /fwbuild-volumes/1.24/apps/house/esp8266/build_contexts/build_ctx_589119275/libs/mjs/fs/api_timer.js /fwbuild-volumes/1.24/apps/house/esp8266/build_contexts/build_ctx_589119275/libs/mjs/fs/api_uart.js /fwbuild-volumes/1.24/apps/house/esp8266/build_contexts/build_ctx_589119275/libs/mjs/fs/init.js /fwbuild-volumes/1.24/apps/house/esp8266/build_contexts/build_ctx_589119275/modules/mjs_module-1.24/mjs/lib/api_dataview.js /fwbuild-volumes/1.24/apps/house/esp8266/build_contexts/build_ctx_589119275/modules/mjs_module-1.24/mjs/lib/api_file.js /fwbuild-volumes/1.24/apps/house/esp8266/build_contexts/build_ctx_589119275/modules/mjs_module-1.24/mjs/lib/api_math.js /fwbuild-volumes/1.24/apps/house/esp8266/build_contexts/build_ctx_589119275/libs/mqtt/mjs_fs/api_mqtt.js /fwbuild-volumes/1.24/apps/house/esp8266/build_contexts/build_ctx_589119275/libs/rpc-common/mjs_fs/api_rpc.js /fwbuild-volumes/1.24/apps/house/esp8266/build_contexts/build_ctx_589119275/libs/ota-http-client/mjs_fs/api_ota.js /fwbuild-volumes/1.24/apps/house/esp8266/build_contexts/build_ctx_589119275/libs/wifi/mjs_fs/api_wifi.js /fwbuild-volumes/1.24/apps/house/esp8266/build_contexts/build_ctx_589119275/libs/mjs/esp8266/fs/api_arch_uart.js /fwbuild-volumes/1.24/apps/house/esp8266/build_contexts/build_ctx_589119275/libs/mjs/esp8266/fs/api_esp8266.js /fwbuild-volumes/1.24/apps/house/esp8266/build_contexts/build_ctx_589119275/fs/defines.js /fwbuild-volumes/1.24/apps/house/esp8266/build_contexts/build_ctx_589119275/fs/init.js' 'APP_CONF_SCHEMA=/fwbuild-volumes/1.24/apps/house/esp8266/build_contexts/build_ctx_589119275/build/gen/mos_conf_schema.yml' 'MGOS_HAVE_CA_BUNDLE=1' 'MGOS_HAVE_RPC_LOOPBACK=1' 'MGOS_HAVE_RPC_SERVICE_CONFIG=1' 'MGOS_HAVE_RPC_SERVICE_FS=1' 'FFI_SYMBOLS=' 'APP_INCLUDES=/fwbuild-volumes/1.24/apps/house/esp8266/build_contexts/build_ctx_589119275/libs/mjs/include /fwbuild-volumes/1.24/apps/house/esp8266/build_contexts/build_ctx_589119275/libs/mqtt/include /fwbuild-volumes/1.24/apps/house/esp8266/build_contexts/build_ctx_589119275/libs/rpc-common/include/mg_rpc /fwbuild-volumes/1.24/apps/house/esp8266/build_contexts/build_ctx_589119275/libs/rpc-common/include /fwbuild-volumes/1.24/apps/house/esp8266/build_contexts/build_ctx_589119275/libs/rpc-loopback/include /fwbuild-volumes/1.24/apps/house/esp8266/build_contexts/build_ctx_589119275/libs/rpc-service-config/include /fwbuild-volumes/1.24/apps/house/esp8266/build_contexts/build_ctx_589119275/libs/rpc-service-fs/include /fwbuild-volumes/1.24/apps/house/esp8266/build_contexts/build_ctx_589119275/libs/ota-http-client/include /fwbuild-volumes/1.24/apps/house/esp8266/build_contexts/build_ctx_589119275/libs/rpc-service-ota/include /fwbuild-volumes/1.24/apps/house/esp8266/build_contexts/build_ctx_589119275/libs/rpc-uart/include /fwbuild-volumes/1.24/apps/house/esp8266/build_contexts/build_ctx_589119275/libs/wifi/include' 'BUILD_DIR=/fwbuild-volumes/1.24/apps/house/esp8266/build_contexts/build_ctx_589119275/build/objs' 'MGOS_HAVE_OTA_HTTP_CLIENT=1' 'MGOS_HAVE_MQTT=1' 'MGOS_HAVE_WIFI=1' 'APP=house' 'MGOS_ENABLE_UPDATER=1' 'MGOS_HAVE_MJS=1' 'APP_CFLAGS=-DMG_ENABLE_MQTT=1 -DMGOS_HAVE_MQTT=1 -DMGOS_HAVE_OTA_HTTP_CLIENT=1 -DMGOS_HAVE_RPC_SERVICE_OTA=1 -DMGOS_HAVE_RPC_COMMON=1 -DMGOS_HAVE_RPC_UART=1 -DMGOS_HAVE_CA_BUNDLE=1 -DMGOS_WIFI_ENABLE_AP_STA=1 -DMGOS_HAVE_MJS=1 -DMGOS_HAVE_RPC_LOOPBACK=1 -DMGOS_ENABLE_RPC_CHANNEL_HTTP=1 -DMGOS_HAVE_WIFI=1 -DMGOS_HAVE_RPC_SERVICE_FS=1 -DMGOS_HAVE_RPC_SERVICE_CONFIG=1 -DMGOS_ENABLE_RPC_CHANNEL_WS=1 -DMG_ENABLE_DNS_SERVER=1 -DMGOS_ENABLE_SYS_SERVICE=1'
make: Entering directory '/app'
  GEN   /fwbuild-volumes/1.24/apps/house/esp8266/build_contexts/build_ctx_589119275/build/gen/ffi_exports.c
  CP    /fwbuild-volumes/1.24/apps/house/esp8266/build_contexts/build_ctx_589119275/libs/ca-bundle/fs/ca.pem -> build/fs
  CP    /fwbuild-volumes/1.24/apps/house/esp8266/build_contexts/build_ctx_589119275/libs/mjs/fs/api_bitbang.js -> build/fs
  CP    /fwbuild-volumes/1.24/apps/house/esp8266/build_contexts/build_ctx_589119275/libs/mjs/fs/api_config.js -> build/fs
  CP    /fwbuild-volumes/1.24/apps/house/esp8266/build_contexts/build_ctx_589119275/libs/mjs/fs/api_events.js -> build/fs
  CP    /fwbuild-volumes/1.24/apps/house/esp8266/build_contexts/build_ctx_589119275/libs/mjs/fs/api_gpio.js -> build/fs
  CP    /fwbuild-volumes/1.24/apps/house/esp8266/build_contexts/build_ctx_589119275/libs/mjs/fs/api_grove.js -> build/fs
  CP    /fwbuild-volumes/1.24/apps/house/esp8266/build_contexts/build_ctx_589119275/libs/mjs/fs/api_http.js -> build/fs
  CP    /fwbuild-volumes/1.24/apps/house/esp8266/build_contexts/build_ctx_589119275/libs/mjs/fs/api_log.js -> build/fs
  CP    /fwbuild-volumes/1.24/apps/house/esp8266/build_contexts/build_ctx_589119275/libs/mjs/fs/api_neopixel.js -> build/fs
  CP    /fwbuild-volumes/1.24/apps/house/esp8266/build_contexts/build_ctx_589119275/libs/mjs/fs/api_net.js -> build/fs
  CP    /fwbuild-volumes/1.24/apps/house/esp8266/build_contexts/build_ctx_589119275/libs/mjs/fs/api_sys.js -> build/fs
  CP    /fwbuild-volumes/1.24/apps/house/esp8266/build_contexts/build_ctx_589119275/libs/mjs/fs/api_timer.js -> build/fs
  CP    /fwbuild-volumes/1.24/apps/house/esp8266/build_contexts/build_ctx_589119275/libs/mjs/fs/api_uart.js -> build/fs
  CP    /fwbuild-volumes/1.24/apps/house/esp8266/build_contexts/build_ctx_589119275/libs/mjs/fs/init.js -> build/fs
  CP    /fwbuild-volumes/1.24/apps/house/esp8266/build_contexts/build_ctx_589119275/modules/mjs_module-1.24/mjs/lib/api_dataview.js -> build/fs
  CP    /fwbuild-volumes/1.24/apps/house/esp8266/build_contexts/build_ctx_589119275/modules/mjs_module-1.24/mjs/lib/api_file.js -> build/fs
  CP    /fwbuild-volumes/1.24/apps/house/esp8266/build_contexts/build_ctx_589119275/modules/mjs_module-1.24/mjs/lib/api_math.js -> build/fs
  CP    /fwbuild-volumes/1.24/apps/house/esp8266/build_contexts/build_ctx_589119275/libs/mqtt/mjs_fs/api_mqtt.js -> build/fs
  CP    /fwbuild-volumes/1.24/apps/house/esp8266/build_contexts/build_ctx_589119275/libs/rpc-common/mjs_fs/api_rpc.js -> build/fs
  CP    /fwbuild-volumes/1.24/apps/house/esp8266/build_contexts/build_ctx_589119275/libs/ota-http-client/mjs_fs/api_ota.js -> build/fs
  CP    /fwbuild-volumes/1.24/apps/house/esp8266/build_contexts/build_ctx_589119275/libs/wifi/mjs_fs/api_wifi.js -> build/fs
  CP    /fwbuild-volumes/1.24/apps/house/esp8266/build_contexts/build_ctx_589119275/libs/mjs/esp8266/fs/api_arch_uart.js -> build/fs
  CP    /fwbuild-volumes/1.24/apps/house/esp8266/build_contexts/build_ctx_589119275/libs/mjs/esp8266/fs/api_esp8266.js -> build/fs
  CP    /fwbuild-volumes/1.24/apps/house/esp8266/build_contexts/build_ctx_589119275/fs/defines.js -> build/fs
  CP    /fwbuild-volumes/1.24/apps/house/esp8266/build_contexts/build_ctx_589119275/fs/init.js -> build/fs
  CP    /fwbuild-volumes/1.24/apps/house/esp8266/build_contexts/build_ctx_589119275/build/gen/conf0.json -> build/fs
  CP    /fwbuild-volumes/1.24/apps/house/esp8266/build_contexts/build_ctx_589119275/build/gen/mgos_config_schema.json -> build/fs
  CP    /fwbuild-volumes/1.24/apps/house/esp8266/build_contexts/build_ctx_589119275/build/gen/mgos_ro_vars_schema.json -> build/fs
  MKFS  /usr/local/bin/mkspiffs8 262144 4096 256 4096 build/fs -> /fwbuild-volumes/1.24/apps/house/esp8266/build_contexts/build_ctx_589119275/build/objs/fw_temp/fs.bin
     Adding api_file.js: 2105
     Adding ca.pem: 17334
     Adding conf0.json: 2653
     Adding api_math.js: 1890
     Adding api_esp8266.js: 231
     Adding api_dataview.js: 7433
     Adding api_wifi.js: 1020
     Adding api_ota.js: 278
     Adding api_grove.js: 2327
     Adding api_http.js: 3812
     Adding api_bitbang.js: 815
     Adding mgos_config_schema.json: 7650
     Adding api_timer.js: 1736
     Adding init.js: 2388
     Adding api_config.js: 2170
     Adding api_neopixel.js: 2191
     Adding api_mqtt.js: 2766
     Adding api_sys.js: 1641
     Adding api_arch_uart.js: 651
     Adding defines.js: 998
     Adding mgos_ro_vars_schema.json: 332
     Adding api_gpio.js: 2731
     Adding api_log.js: 2005
     Adding api_events.js: 3398
     Adding api_net.js: 5122
     Adding api_uart.js: 5772
     Adding api_rpc.js: 2741
     Image stats: size=262144, space: total=233681, used=94125, free=139556
  CC    /fwbuild-volumes/1.24/apps/house/esp8266/build_contexts/build_ctx_589119275/build/gen/ffi_exports.c -> /fwbuild-volumes/1.24/apps/house/esp8266/build_contexts/build_ctx_589119275/build/objs/ffi_exports.c.o
  LD    /fwbuild-volumes/1.24/apps/house/esp8266/build_contexts/build_ctx_589119275/build/objs/house.elf
  FW    /fwbuild-volumes/1.24/apps/house/esp8266/build_contexts/build_ctx_589119275/build/objs/house.elf -> /fwbuild-volumes/1.24/apps/house/esp8266/build_contexts/build_ctx_589119275/build/objs/house.bin
  Generating breakdown
  GEN    /fwbuild-volumes/1.24/apps/house/esp8266/build_contexts/build_ctx_589119275/build/objs/fw_temp/manifest.json
  ZIP    /app/build/fw/house-esp8266-last.zip
     Adding /fwbuild-volumes/1.24/apps/house/esp8266/build_contexts/build_ctx_589119275/build/objs/fw_temp/esp_init_data_default_v08.bin
     Adding /fwbuild-volumes/1.24/apps/house/esp8266/build_contexts/build_ctx_589119275/build/objs/fw_temp/fs.bin
     Adding /fwbuild-volumes/1.24/apps/house/esp8266/build_contexts/build_ctx_589119275/build/objs/fw_temp/house.bin
     Adding /fwbuild-volumes/1.24/apps/house/esp8266/build_contexts/build_ctx_589119275/build/objs/fw_temp/rboot.bin
  Built house/esp8266 version 1.0 (20180118-122917/???)
make: Leaving directory '/app'
Success, built house/esp8266 version 1.0 (20180118-122917/???).
Firmware saved to build/fw.zip
